[Test worker] INFO  util.GenericActions  - Screenshots deleted successfully
[Test worker] INFO  Test Logs  - Screenshots deleted successfully
[Test worker] INFO  util.GenericActions  - Screenshots deleted successfully
[Test worker] INFO  util.GenericActions  - Screenshots deleted successfully
[Test worker] INFO  util.GenericActions  - Screenshots deleted successfully
[Test worker] INFO  util.GenericActions  - Screenshots deleted successfully
[Test worker] INFO  util.GenericActions  - Screenshots deleted successfully
[Test worker] INFO  util.GenericActions  - Screenshots deleted successfully
[Test worker] INFO  util.GenericActions  - Screenshots deleted successfully
[Test worker] INFO  util.GenericActions  - Screenshots deleted successfully
[Test worker] INFO  util.GenericActions  - Screenshots deleted successfully
[Test worker] INFO  util.GenericActions  - Screenshots deleted successfully
[Test worker] INFO  util.GenericActions  - Screenshots deleted successfully
[Test worker] INFO  util.GenericActions  - Screenshots deleted successfully
[Test worker] INFO  util.GenericActions  - Screenshots deleted successfully
[Test worker] INFO  util.GenericActions  - Screenshots deleted successfully
[Test worker] INFO  util.GenericActions  - Screenshots deleted successfully
[Test worker] INFO  util.GenericActions  - Screenshots deleted successfully
[Test worker] INFO  util.GenericActions  - Screenshots deleted successfully
[Test worker] INFO  util.GenericActions  - Screenshots deleted successfully
[Test worker] INFO  util.GenericActions  - Screenshots deleted successfully
[Test worker] INFO  util.GenericActions  - Screenshots deleted successfully
[Test worker] INFO  util.GenericActions  - Screenshots deleted successfully
[Test worker] INFO  util.GenericActions  - Screenshots deleted successfully
[Test worker] INFO  util.GenericActions  - Screenshots deleted successfully
[Test worker] INFO  util.GenericActions  - Screenshots deleted successfully
[Test worker] INFO  util.GenericActions  - Screenshots deleted successfully
[Test worker] INFO  util.GenericActions  - Screenshots deleted successfully
[Test worker] INFO  util.GenericActions  - Screenshots deleted successfully
[Test worker] INFO  util.GenericActions  - Screenshots deleted successfully
[Test worker] INFO  util.GenericActions  - Screenshots deleted successfully
[Test worker] INFO  util.GenericActions  - Screenshots deleted successfully
[Test worker] INFO  util.GenericActions  - Screenshots deleted successfully
[Test worker] INFO  util.GenericActions  - Screenshots deleted successfully
[Test worker] INFO  util.GenericActions  - Screenshots deleted successfully
[Test worker] INFO  util.FileIOOperations  - Screenshots deleted successfully
[Test worker] INFO  util.FileIOOperations  - Screenshots deleted successfully
[Test worker] INFO  util.FileIOOperations  - Screenshots deleted successfully
[Test worker] INFO  util.FileIOOperations  - Screenshots deleted successfully
[Test worker] INFO  util.FileIOOperations  - Screenshots deleted successfully
[Test worker] INFO  TestClass  - this is to test Arpit
[Test worker] INFO  util.FileIOOperations  - Screenshots deleted successfully
[Test worker] INFO  TestClass  - this is to test Arpit
[Test worker] INFO  util.FileIOOperations  - Screenshots deleted successfully
[Test worker] INFO  util.FileIOOperations  - Screenshots deleted successfully
[Test worker] INFO  util.FileIOOperations  - Screenshots deleted successfully
[Test worker] INFO  httpOperations.HttpHandler  - Request URL is: Request{method=GET, url=http://api.openweathermap.org/data/2.5/weather?q=Amritsar&appid=7fe67bf08c80ded756e598d6f8fedaea, tags={}}
[Test worker] INFO  httpOperations.HttpHandler  - Response of the API is: okhttp3.internal.http.RealResponseBody@29481175
[Test worker] INFO  util.FileIOOperations  - Screenshots deleted successfully
[Test worker] INFO  httpOperations.HttpHandler  - Request URL is: Request{method=GET, url=http://api.openweathermap.org/data/2.5/weather?q=Amritsar&appid=7fe67bf08c80ded756e598d6f8fedaea, tags={}}
[Test worker] INFO  httpOperations.HttpHandler  - Response of the API is: class okhttp3.internal.http.RealResponseBody
[Test worker] INFO  util.FileIOOperations  - Screenshots deleted successfully
[Test worker] INFO  httpOperations.HttpHandler  - Request URL is: Request{method=GET, url=http://api.openweathermap.org/data/2.5/weather?q=Amritsar&appid=7fe67bf08c80ded756e598d6f8fedaea, tags={}}
[Test worker] INFO  httpOperations.HttpHandler  - Response of the API is: okhttp3.internal.http.RealResponseBody@2dceaf8a
[Test worker] INFO  util.FileIOOperations  - Screenshots deleted successfully
[Test worker] INFO  httpOperations.HttpHandler  - Request URL is: Request{method=GET, url=http://api.openweathermap.org/data/2.5/weather?q=Amritsar&appid=7fe67bf08c80ded756e598d6f8fedaea, tags={}}
[Test worker] INFO  httpOperations.HttpHandler  - Response of the API is: {"coord":{"lon":74.87,"lat":31.63},"weather":[{"id":701,"main":"Mist","description":"mist","icon":"50n"}],"base":"stations","main":{"temp":295.15,"feels_like":296.92,"temp_min":295.15,"temp_max":295.15,"pressure":1007,"humidity":78},"visibility":2500,"wind":{"speed":1.45,"deg":3},"clouds":{"all":0},"dt":1601924631,"sys":{"type":1,"id":9157,"country":"IN","sunrise":1601945846,"sunset":1601987970},"timezone":19800,"id":1278710,"name":"Amritsar","cod":200}
[Test worker] INFO  util.FileIOOperations  - Screenshots deleted successfully
[Test worker] INFO  httpOperations.HttpHandler  - Request URL is: Request{method=GET, url=http://api.openweathermap.org/data/2.5/weather?q=Amritsar&appid=7fe67bf08c80ded756e598d6f8fedaea, tags={}}
[Test worker] INFO  httpOperations.HttpHandler  - Response of the API is: {"coord":{"lon":74.87,"lat":31.63},"weather":[{"id":701,"main":"Mist","description":"mist","icon":"50n"}],"base":"stations","main":{"temp":295.15,"feels_like":296.92,"temp_min":295.15,"temp_max":295.15,"pressure":1007,"humidity":78},"visibility":2500,"wind":{"speed":1.45,"deg":3},"clouds":{"all":0},"dt":1601924301,"sys":{"type":1,"id":9157,"country":"IN","sunrise":1601945846,"sunset":1601987970},"timezone":19800,"id":1278710,"name":"Amritsar","cod":200}
[Test worker] INFO  util.FileIOOperations  - Screenshots deleted successfully
[Test worker] INFO  httpOperations.HttpHandler  - Request URL is: Request{method=GET, url=http://api.openweathermap.org/data/2.5/weather?q=Amritsar&appid=7fe67bf08c80ded756e598d6f8fedaea, tags={}}
[Test worker] INFO  httpOperations.HttpHandler  - Response of the API is: {"coord":{"lon":74.87,"lat":31.63},"weather":[{"id":701,"main":"Mist","description":"mist","icon":"50n"}],"base":"stations","main":{"temp":295.15,"feels_like":296.92,"temp_min":295.15,"temp_max":295.15,"pressure":1007,"humidity":78},"visibility":2500,"wind":{"speed":1.45,"deg":3},"clouds":{"all":0},"dt":1601924301,"sys":{"type":1,"id":9157,"country":"IN","sunrise":1601945846,"sunset":1601987970},"timezone":19800,"id":1278710,"name":"Amritsar","cod":200}
[Test worker] INFO  util.FileIOOperations  - Screenshots deleted successfully
[Test worker] INFO  httpOperations.HttpHandler  - Request URL is: Request{method=GET, url=http://api.openweathermap.org/data/2.5/weather?q=Amritsar&appid=7fe67bf08c80ded756e598d6f8fedaea, tags={}}
[Test worker] INFO  httpOperations.HttpHandler  - Response of the API is: {"coord":{"lon":74.87,"lat":31.63},"weather":[{"id":701,"main":"Mist","description":"mist","icon":"50n"}],"base":"stations","main":{"temp":295.15,"feels_like":296.92,"temp_min":295.15,"temp_max":295.15,"pressure":1007,"humidity":78},"visibility":2500,"wind":{"speed":1.45,"deg":3},"clouds":{"all":0},"dt":1601925196,"sys":{"type":1,"id":9157,"country":"IN","sunrise":1601945846,"sunset":1601987970},"timezone":19800,"id":1278710,"name":"Amritsar","cod":200}
[Test worker] INFO  util.FileIOOperations  - Screenshots deleted successfully
[Test worker] INFO  httpOperations.HttpHandler  - Request URL is: Request{method=GET, url=http://api.openweathermap.org/data/2.5/weather?q=Amritsar&appid=7fe67bf08c80ded756e598d6f8fedaea, tags={}}
[Test worker] INFO  httpOperations.HttpHandler  - Response of the API is: {"coord":{"lon":74.87,"lat":31.63},"weather":[{"id":701,"main":"Mist","description":"mist","icon":"50n"}],"base":"stations","main":{"temp":295.15,"feels_like":296.92,"temp_min":295.15,"temp_max":295.15,"pressure":1007,"humidity":78},"visibility":2500,"wind":{"speed":1.45,"deg":3},"clouds":{"all":0},"dt":1601925196,"sys":{"type":1,"id":9157,"country":"IN","sunrise":1601945846,"sunset":1601987970},"timezone":19800,"id":1278710,"name":"Amritsar","cod":200}
[Test worker] INFO  util.FileIOOperations  - Screenshots deleted successfully
[Test worker] INFO  httpOperations.HttpHandler  - Request URL is: Request{method=GET, url=http://api.openweathermap.org/data/2.5/weather?q=Amritsar&appid=7fe67bf08c80ded756e598d6f8fedaea, tags={}}
[Test worker] INFO  httpOperations.HttpHandler  - Response of the API is: {"coord":{"lon":74.87,"lat":31.63},"weather":[{"id":701,"main":"Mist","description":"mist","icon":"50n"}],"base":"stations","main":{"temp":295.15,"feels_like":296.92,"temp_min":295.15,"temp_max":295.15,"pressure":1007,"humidity":78},"visibility":2500,"wind":{"speed":1.45,"deg":3},"clouds":{"all":0},"dt":1601925378,"sys":{"type":1,"id":9157,"country":"IN","sunrise":1601945846,"sunset":1601987970},"timezone":19800,"id":1278710,"name":"Amritsar","cod":200}
[Test worker] INFO  util.FileIOOperations  - Screenshots deleted successfully
[Test worker] INFO  httpOperations.HttpHandler  - Request URL is: Request{method=GET, url=http://api.openweathermap.org/data/2.5/weather?q=Amritsar&appid=7fe67bf08c80ded756e598d6f8fedaea, tags={}}
[Test worker] INFO  httpOperations.HttpHandler  - Response of the API is: {"coord":{"lon":74.87,"lat":31.63},"weather":[{"id":701,"main":"Mist","description":"mist","icon":"50n"}],"base":"stations","main":{"temp":295.15,"feels_like":296.92,"temp_min":295.15,"temp_max":295.15,"pressure":1007,"humidity":78},"visibility":2500,"wind":{"speed":1.45,"deg":3},"clouds":{"all":0},"dt":1601925196,"sys":{"type":1,"id":9157,"country":"IN","sunrise":1601945846,"sunset":1601987970},"timezone":19800,"id":1278710,"name":"Amritsar","cod":200}
[Test worker] INFO  util.FileIOOperations  - Screenshots deleted successfully
[Test worker] INFO  httpOperations.HttpHandler  - Request URL is: Request{method=GET, url=http://api.openweathermap.org/data/2.5/weather?q=Amritsar&appid=7fe67bf08c80ded756e598d6f8fedaea, tags={}}
[Test worker] INFO  httpOperations.HttpHandler  - Response of the API is: {"coord":{"lon":74.87,"lat":31.63},"weather":[{"id":701,"main":"Mist","description":"mist","icon":"50n"}],"base":"stations","main":{"temp":295.15,"feels_like":296.92,"temp_min":295.15,"temp_max":295.15,"pressure":1007,"humidity":78},"visibility":2500,"wind":{"speed":1.45,"deg":3},"clouds":{"all":0},"dt":1601925378,"sys":{"type":1,"id":9157,"country":"IN","sunrise":1601945846,"sunset":1601987970},"timezone":19800,"id":1278710,"name":"Amritsar","cod":200}
[Test worker] INFO  util.FileIOOperations  - Screenshots deleted successfully
[Test worker] INFO  httpOperations.HttpHandler  - Request URL is: Request{method=GET, url=http://api.openweathermap.org/data/2.5/weather?q=Amritsar&appid=7fe67bf08c80ded756e598d6f8fedaea, tags={}}
[Test worker] INFO  httpOperations.HttpHandler  - Response of the API is: okhttp3.internal.http.RealResponseBody@400810bb
[Test worker] INFO  util.FileIOOperations  - Screenshots deleted successfully
[Test worker] INFO  httpOperations.HttpHandler  - Request URL is: Request{method=GET, url=http://api.openweathermap.org/data/2.5/weather?q=Amritsar&appid=7fe67bf08c80ded756e598d6f8fedaea, tags={}}
[Test worker] INFO  httpOperations.HttpHandler  - Response of the API is: okhttp3.internal.http.RealResponseBody@4ba62719
[Test worker] INFO  util.FileIOOperations  - Screenshots deleted successfully
[Test worker] INFO  httpOperations.HttpHandler  - Request URL is: Request{method=GET, url=http://api.openweathermap.org/data/2.5/weather?q=Amritsar&appid=7fe67bf08c80ded756e598d6f8fedaea, tags={}}
[Test worker] INFO  httpOperations.HttpHandler  - Response of the API is: okhttp3.internal.http.RealResponseBody@2dceaf8a
[Test worker] INFO  util.FileIOOperations  - Screenshots deleted successfully
[Test worker] INFO  httpOperations.HttpHandler  - Request URL is: Request{method=GET, url=http://api.openweathermap.org/data/2.5/weather?q=Amritsar&appid=7fe67bf08c80ded756e598d6f8fedaea, tags={}}
[Test worker] INFO  httpOperations.HttpHandler  - Response of the API is: okhttp3.internal.http.RealResponseBody@4d11b25a
[Test worker] INFO  util.FileIOOperations  - Screenshots deleted successfully
[Test worker] INFO  httpOperations.HttpHandler  - Request URL is: Request{method=GET, url=http://api.openweathermap.org/data/2.5/weather?q=Amritsar&appid=7fe67bf08c80ded756e598d6f8fedaea, tags={}}
[Test worker] INFO  httpOperations.HttpHandler  - Response of the API is: {"coord":{"lon":74.87,"lat":31.63},"weather":[{"id":701,"main":"Mist","description":"mist","icon":"50n"}],"base":"stations","main":{"temp":294.15,"feels_like":296.22,"temp_min":294.15,"temp_max":294.15,"pressure":1007,"humidity":83},"visibility":2500,"wind":{"speed":1.03,"deg":13},"clouds":{"all":0},"dt":1601926355,"sys":{"type":1,"id":9157,"country":"IN","sunrise":1601945846,"sunset":1601987970},"timezone":19800,"id":1278710,"name":"Amritsar","cod":200}
[Test worker] INFO  util.FileIOOperations  - Screenshots deleted successfully
[Test worker] INFO  httpOperations.HttpHandler  - Request URL is: Request{method=GET, url=http://api.openweathermap.org/data/2.5/weather?q=Amritsar&appid=7fe67bf08c80ded756e598d6f8fedaea, tags={}}
[Test worker] INFO  httpOperations.HttpHandler  - Response of the API is: {"coord":{"lon":74.87,"lat":31.63},"weather":[{"id":701,"main":"Mist","description":"mist","icon":"50n"}],"base":"stations","main":{"temp":294.15,"feels_like":296.22,"temp_min":294.15,"temp_max":294.15,"pressure":1007,"humidity":83},"visibility":2500,"wind":{"speed":1.03,"deg":13},"clouds":{"all":0},"dt":1601927101,"sys":{"type":1,"id":9157,"country":"IN","sunrise":1601945846,"sunset":1601987970},"timezone":19800,"id":1278710,"name":"Amritsar","cod":200}
[Test worker] INFO  util.FileIOOperations  - Screenshots deleted successfully
[Test worker] INFO  httpOperations.HttpHandler  - Request URL is: Request{method=GET, url=http://api.openweathermap.org/data/2.5/weather?q=Amritsar&appid=7fe67bf08c80ded756e598d6f8fedaea, tags={}}
[Test worker] INFO  httpOperations.HttpHandler  - Response of the API is: {"coord":{"lon":74.87,"lat":31.63},"weather":[{"id":701,"main":"Mist","description":"mist","icon":"50n"}],"base":"stations","main":{"temp":294.15,"feels_like":296.22,"temp_min":294.15,"temp_max":294.15,"pressure":1007,"humidity":83},"visibility":2500,"wind":{"speed":1.03,"deg":13},"clouds":{"all":0},"dt":1601927101,"sys":{"type":1,"id":9157,"country":"IN","sunrise":1601945846,"sunset":1601987970},"timezone":19800,"id":1278710,"name":"Amritsar","cod":200}
[Test worker] INFO  util.FileIOOperations  - Screenshots deleted successfully
[Test worker] INFO  httpOperations.HttpHandler  - Request URL is: Request{method=GET, url=http://api.openweathermap.org/data/2.5/weather?q=Amritsar&appid=7fe67bf08c80ded756e598d6f8fedaea, tags={}}
[Test worker] INFO  util.FileIOOperations  - Screenshots deleted successfully
[Test worker] INFO  httpOperations.HttpHandler  - Request URL is: Request{method=GET, url=http://api.openweathermap.org/data/2.5/weather?q=Amritsar&appid=7fe67bf08c80ded756e598d6f8fedaea, tags={}}
[Test worker] INFO  util.FileIOOperations  - Screenshots deleted successfully
[Test worker] INFO  httpOperations.HttpHandler  - Request URL is: Request{method=GET, url=http://api.openweathermap.org/data/2.5/weather?q=Amritsar&appid=7fe67bf08c80ded756e598d6f8fedaea, tags={}}
[Test worker] INFO  util.FileIOOperations  - Screenshots deleted successfully
[Test worker] INFO  httpOperations.HttpHandler  - Request URL is: Request{method=GET, url=http://api.openweathermap.org/data/2.5/weather?q=Amritsar&appid=7fe67bf08c80ded756e598d6f8fedaea, tags={}}
[Test worker] INFO  util.FileIOOperations  - Screenshots deleted successfully
[Test worker] INFO  httpOperations.HttpHandler  - Request URL is: Request{method=GET, url=http://api.openweathermap.org/data/2.5/weather?q=Amritsar&appid=7fe67bf08c80ded756e598d6f8fedaea, tags={}}
[Test worker] INFO  TestClass  - Response of the API is: {"coord":{"lon":74.87,"lat":31.63},"weather":[{"id":701,"main":"Mist","description":"mist","icon":"50n"}],"base":"stations","main":{"temp":295.15,"feels_like":297.22,"temp_min":295.15,"temp_max":295.15,"pressure":1007,"humidity":78},"visibility":2500,"wind":{"speed":1.03,"deg":13},"clouds":{"all":0},"dt":1601927608,"sys":{"type":1,"id":9157,"country":"IN","sunrise":1601945846,"sunset":1601987970},"timezone":19800,"id":1278710,"name":"Amritsar","cod":200}
[Test worker] INFO  TestClass  - NDTV Home Page opened
[Test worker] INFO  TestClass  - Moved to the weather page now
[Test worker] INFO  TestClass  - Searched for the weather information for: Amritsar
[Test worker] INFO  util.FileIOOperations  - Screenshots deleted successfully
[Test worker] INFO  httpOperations.HttpHandler  - Request URL is: Request{method=GET, url=http://api.openweathermap.org/data/2.5/weather?q=Amritsar&appid=7fe67bf08c80ded756e598d6f8fedaea, tags={}}
[Test worker] INFO  TestClass  - Response of the API is: 
[Test worker] INFO  TestClass  - NDTV Home Page opened
[Test worker] INFO  util.FileIOOperations  - Screenshots deleted successfully
[Test worker] INFO  httpOperations.HttpHandler  - Request URL is: Request{method=GET, url=http://api.openweathermap.org/data/2.5/weather?q=Amritsar&appid=7fe67bf08c80ded756e598d6f8fedaea, tags={}}
[Test worker] INFO  TestClass  - Response of the API is: 
[Test worker] INFO  TestClass  - NDTV Home Page opened
[Test worker] INFO  TestClass  - Moved to the weather page now
[Test worker] INFO  TestClass  - Searched for the weather information for: Amritsar
